<?xml version="1.0" encoding="UTF-8"?>
<!-- Generated by org.testng.reporters.JUnitReportReporter -->
<testsuite hostname="LAPTOP-5025VGK9" failures="0" tests="2" name="sel_Package.Date_and_Time_Picker" time="62.307" errors="0" timestamp="2022-07-24T15:30:11 IST" skipped="0">
  <testcase classname="sel_Package.Date_and_Time_Picker" name="dateTimePicker" time="21.716"/>
  <system-out>
    <![CDATA[The Date is entered now...
The Time is entered now...]]>
  </system-out>
  <testcase classname="sel_Package.Date_and_Time_Picker" name="dateTimePicker2" time="40.591"/>
  <system-out>
    <![CDATA[The Date is entered now...
The Time is entered now...]]>
  </system-out>
</testsuite> <!-- sel_Package.Date_and_Time_Picker -->
